#
# A fatal error has been detected by the Java Runtime Environment:
#
#  EXCEPTION_ACCESS_VIOLATION (0xc0000005) at pc=0x5cf01bab, pid=3040, tid=8080
#
# JRE version: 7.0_10-b18
# Java VM: Java HotSpot(TM) Client VM (23.6-b04 mixed mode windows-x86 )
# Problematic frame:
# V  [jvm.dll+0xc1bab]
#
# Failed to write core dump. Minidumps are not enabled by default on client versions of Windows
#
# If you would like to submit a bug report, please visit:
#   http://bugreport.sun.com/bugreport/crash.jsp
#

---------------  T H R E A D  ---------------

Current thread (0x18696000):  JavaThread "JDWP Transport Listener: dt_socket" daemon [_thread_in_vm, id=8080, stack(0x18f70000,0x18fc0000)]

siginfo: ExceptionCode=0xc0000005, reading address 0x646c6975

Registers:
EAX=0x646c6975, EBX=0x00000000, ECX=0x646c6975, EDX=0x00000000
ESP=0x18fbf51c, EBP=0x18fbf520, ESI=0x18696000, EDI=0x010d9278
EIP=0x5cf01bab, EFLAGS=0x00010202

Top of Stack: (sp=0x18fbf51c)
0x18fbf51c:   18696000 18fbf54c 5d025b7a 646c6975
0x18fbf52c:   18fbf604 18fbf587 18696000 00000000
0x18fbf53c:   00000000 00000000 18696000 18696000
0x18fbf54c:   18fbf588 64da9d5c 010d9278 646c6975
0x18fbf55c:   18fbf587 646c6975 64d9436d 646c6975
0x18fbf56c:   18fbf587 00000008 00000000 00000000
0x18fbf57c:   00000009 00000000 0046eb9c 18fbf5a8
0x18fbf58c:   64d944e0 00000001 18fbf5c4 18fbf600 

Instructions: (pc=0x5cf01bab)
0x5cf01b8b:   0c 5f 5e 5d c2 0c 00 cc cc cc cc cc cc cc cc cc
0x5cf01b9b:   cc cc cc cc cc 55 8b ec 8b 45 08 56 85 c0 74 28
0x5cf01bab:   8b 30 85 f6 74 22 81 fe fe fe fe fe 74 1a 8b 4e
0x5cf01bbb:   04 8b 41 08 8b 90 90 00 00 00 83 c1 08 ff d2 84 


Register to memory mapping:

EAX=0x646c6975 is an unknown value
EBX=0x00000000 is an unknown value
ECX=0x646c6975 is an unknown value
EDX=0x00000000 is an unknown value
ESP=0x18fbf51c is pointing into the stack for thread: 0x18696000
EBP=0x18fbf520 is pointing into the stack for thread: 0x18696000
ESI=0x18696000 is a thread
EDI=0x010d9278 is an unknown value


Stack: [0x18f70000,0x18fc0000],  sp=0x18fbf51c,  free space=317k
Native frames: (J=compiled Java code, j=interpreted, Vv=VM code, C=native code)
V  [jvm.dll+0xc1bab]
V  [jvm.dll+0x1e5b7a]
C  [jdwp.dll+0x19d5c]  Agent_OnLoad+0xe9ef
C  [jdwp.dll+0x44e0]
C  [jdwp.dll+0x451e]


---------------  P R O C E S S  ---------------

Java Threads: ( => current thread )
  0x19dba800 JavaThread "Druid-ConnectionPool-Destroy-28100635" daemon [_thread_blocked, id=3660, stack(0x1a570000,0x1a5c0000)]
  0x19e31800 JavaThread "Druid-ConnectionPool-Create-28100635" daemon [_thread_blocked, id=1768, stack(0x1a4e0000,0x1a530000)]
  0x19d47000 JavaThread "Abandoned connection cleanup thread" daemon [_thread_blocked, id=8068, stack(0x1a2f0000,0x1a340000)]
  0x196c4800 JavaThread "commons-pool-EvictionTimer" daemon [_thread_blocked, id=7256, stack(0x1a420000,0x1a470000)]
  0x1945c000 JavaThread "ReaderThread" [_thread_in_native, id=6224, stack(0x19a30000,0x19a80000)]
  0x186b1400 JavaThread "Service Thread" daemon [_thread_blocked, id=6496, stack(0x19290000,0x192e0000)]
  0x186ae800 JavaThread "C1 CompilerThread0" daemon [_thread_blocked, id=6980, stack(0x19320000,0x19370000)]
  0x186a5000 JavaThread "JDWP Command Reader" daemon [_thread_in_native, id=4040, stack(0x190f0000,0x19140000)]
  0x1869f000 JavaThread "JDWP Event Helper Thread" daemon [_thread_blocked, id=3972, stack(0x19170000,0x191c0000)]
=>0x18696000 JavaThread "JDWP Transport Listener: dt_socket" daemon [_thread_in_vm, id=8080, stack(0x18f70000,0x18fc0000)]
  0x1868ec00 JavaThread "Attach Listener" daemon [_thread_blocked, id=4552, stack(0x18b30000,0x18b80000)]
  0x1868b800 JavaThread "Signal Dispatcher" daemon [_thread_blocked, id=7960, stack(0x18d10000,0x18d60000)]
  0x18610c00 JavaThread "Finalizer" daemon [_thread_blocked, id=4068, stack(0x18ba0000,0x18bf0000)]
  0x1860b800 JavaThread "Reference Handler" daemon [_thread_blocked, id=6220, stack(0x188d0000,0x18920000)]
  0x010dd800 JavaThread "main" [_thread_blocked, id=2972, stack(0x004a0000,0x004f0000)]

Other Threads:
  0x18605c00 VMThread [stack: 0x18850000,0x188a0000] [id=2520]
  0x186ba400 WatcherThread [stack: 0x193e0000,0x19430000] [id=5240]

VM state:synchronizing (normal execution)

VM Mutex/Monitor currently owned by a thread:  ([mutex/lock_event])
[0x010db390] Threads_lock - owner thread: 0x18605c00
[0x010db7a0] Heap_lock - owner thread: 0x010dd800

Heap
 def new generation   total 7360K, used 6592K [0x04600000, 0x04df0000, 0x09b50000)
  eden space 6592K, 100% used [0x04600000, 0x04c70000, 0x04c70000)
  from space 768K,   0% used [0x04c70000, 0x04c70000, 0x04d30000)
  to   space 768K,   0% used [0x04d30000, 0x04d30000, 0x04df0000)
 tenured generation   total 16236K, used 10913K [0x09b50000, 0x0ab2b000, 0x14600000)
   the space 16236K,  67% used [0x09b50000, 0x0a5f8690, 0x0a5f8800, 0x0ab2b000)
 compacting perm gen  total 16384K, used 16301K [0x14600000, 0x15600000, 0x18600000)
   the space 16384K,  99% used [0x14600000, 0x155eb748, 0x155eb800, 0x15600000)
No shared spaces configured.

Card table byte_map: [0x010e0000,0x01190000] byte_map_base: 0x010bd000

Polling page: 0x00110000

Code Cache  [0x02600000, 0x02820000, 0x04600000)
 total_blobs=1024 nmethods=844 adapters=122 free_code_cache=30625Kb largest_free_block=31355712

Compilation events (10 events):
Event: 245.039 Thread 0x186ae800    2 %           com.zhjg.ssm.util.MenuTreeBuilder::buildTreeHtml @ 8 (24 bytes)
Event: 245.040 Thread 0x186ae800 nmethod 2% 0x027caa08 code [0x027cab30, 0x027cad94]
Event: 270.812 Thread 0x186ae800  860             com.zhjg.ssm.util.MenuTreeBuilder::addChildren (2 bytes)
Event: 270.812 Thread 0x186ae800 nmethod 860 0x027a2388 code [0x027a2480, 0x027a24f0]
Event: 329.583 Thread 0x186ae800  861             com.zhjg.ssm.util.MenuTreeBuilder::addChildren (9 bytes)
Event: 329.584 Thread 0x186ae800 nmethod 861 0x027ca488 code [0x027ca5a0, 0x027ca778]
Event: 342.810 Thread 0x186ae800  862             com.zhjg.ssm.util.MenuTreeBuilder::addChildren (16 bytes)
Event: 342.810 Thread 0x186ae800 nmethod 862 0x027c9b48 code [0x027c9c80, 0x027c9fd0]
Event: 1501.475 Thread 0x186ae800    3 % !         com.mysql.jdbc.AbandonedConnectionCleanupThread::run @ 4 (62 bytes)
Event: 1501.476 Thread 0x186ae800 


GC Heap History (10 events):
Event: 3065.976 GC heap before
{Heap before GC invocations=123042 (full 1):
 def new generation   total 7360K, used 6592K [0x04600000, 0x04df0000, 0x09b50000)
  eden space 6592K, 100% used [0x04600000, 0x04c70000, 0x04c70000)
  from space 768K,   0% used [0x04d30000, 0x04d30000, 0x04df0000)
  to   space 768K,   0% used [0x04c70000, 0x04c70000, 0x04d30000)
 tenured generation   total 16236K, used 10913K [0x09b50000, 0x0ab2b000, 0x14600000)
   the space 16236K,  67% used [0x09b50000, 0x0a5f8690, 0x0a5f8800, 0x0ab2b000)
 compacting perm gen  total 16384K, used 16301K [0x14600000, 0x15600000, 0x18600000)
   the space 16384K,  99% used [0x14600000, 0x155eb748, 0x155eb800, 0x15600000)
No shared spaces configured.
Event: 3065.976 GC heap after
Heap after GC invocations=123043 (full 1):
 def new generation   total 7360K, used 0K [0x04600000, 0x04df0000, 0x09b50000)
  eden space 6592K,   0% used [0x04600000, 0x04600000, 0x04c70000)
  from space 768K,   0% used [0x04c70000, 0x04c70000, 0x04d30000)
  to   space 768K,   0% used [0x04d30000, 0x04d30000, 0x04df0000)
 tenured generation   total 16236K, used 10913K [0x09b50000, 0x0ab2b000, 0x14600000)
   the space 16236K,  67% used [0x09b50000, 0x0a5f8690, 0x0a5f8800, 0x0ab2b000)
 compacting perm gen  total 16384K, used 16301K [0x14600000, 0x15600000, 0x18600000)
   the space 16384K,  99% used [0x14600000, 0x155eb748, 0x155eb800, 0x15600000)
No shared spaces configured.
}
Event: 3066.000 GC heap before
{Heap before GC invocations=123043 (full 1):
 def new generation   total 7360K, used 6592K [0x04600000, 0x04df0000, 0x09b50000)
  eden space 6592K, 100% used [0x04600000, 0x04c70000, 0x04c70000)
  from space 768K,   0% used [0x04c70000, 0x04c70000, 0x04d30000)
  to   space 768K,   0% used [0x04d30000, 0x04d30000, 0x04df0000)
 tenured generation   total 16236K, used 10913K [0x09b50000, 0x0ab2b000, 0x14600000)
   the space 16236K,  67% used [0x09b50000, 0x0a5f8690, 0x0a5f8800, 0x0ab2b000)
 compacting perm gen  total 16384K, used 16301K [0x14600000, 0x15600000, 0x18600000)
   the space 16384K,  99% used [0x14600000, 0x155eb748, 0x155eb800, 0x15600000)
No shared spaces configured.
Event: 3066.000 GC heap after
Heap after GC invocations=123044 (full 1):
 def new generation   total 7360K, used 0K [0x04600000, 0x04df0000, 0x09b50000)
  eden space 6592K,   0% used [0x04600000, 0x04600000, 0x04c70000)
  from space 768K,   0% used [0x04d30000, 0x04d30000, 0x04df0000)
  to   space 768K,   0% used [0x04c70000, 0x04c70000, 0x04d30000)
 tenured generation   total 16236K, used 10913K [0x09b50000, 0x0ab2b000, 0x14600000)
   the space 16236K,  67% used [0x09b50000, 0x0a5f8690, 0x0a5f8800, 0x0ab2b000)
 compacting perm gen  total 16384K, used 16301K [0x14600000, 0x15600000, 0x18600000)
   the space 16384K,  99% used [0x14600000, 0x155eb748, 0x155eb800, 0x15600000)
No shared spaces configured.
}
Event: 3066.024 GC heap before
{Heap before GC invocations=123044 (full 1):
 def new generation   total 7360K, used 6592K [0x04600000, 0x04df0000, 0x09b50000)
  eden space 6592K, 100% used [0x04600000, 0x04c70000, 0x04c70000)
  from space 768K,   0% used [0x04d30000, 0x04d30000, 0x04df0000)
  to   space 768K,   0% used [0x04c70000, 0x04c70000, 0x04d30000)
 tenured generation   total 16236K, used 10913K [0x09b50000, 0x0ab2b000, 0x14600000)
   the space 16236K,  67% used [0x09b50000, 0x0a5f8690, 0x0a5f8800, 0x0ab2b000)
 compacting perm gen  total 16384K, used 16301K [0x14600000, 0x15600000, 0x18600000)
   the space 16384K,  99% used [0x14600000, 0x155eb748, 0x155eb800, 0x15600000)
No shared spaces configured.
Event: 3066.024 GC heap after
Heap after GC invocations=123045 (full 1):
 def new generation   total 7360K, used 0K [0x04600000, 0x04df0000, 0x09b50000)
  eden space 6592K,   0% used [0x04600000, 0x04600000, 0x04c70000)
  from space 768K,   0% used [0x04c70000, 0x04c70000, 0x04d30000)
  to   space 768K,   0% used [0x04d30000, 0x04d30000, 0x04df0000)
 tenured generation   total 16236K, used 10913K [0x09b50000, 0x0ab2b000, 0x14600000)
   the space 16236K,  67% used [0x09b50000, 0x0a5f8690, 0x0a5f8800, 0x0ab2b000)
 compacting perm gen  total 16384K, used 16301K [0x14600000, 0x15600000, 0x18600000)
   the space 16384K,  99% used [0x14600000, 0x155eb748, 0x155eb800, 0x15600000)
No shared spaces configured.
}
Event: 3066.047 GC heap before
{Heap before GC invocations=123045 (full 1):
 def new generation   total 7360K, used 6592K [0x04600000, 0x04df0000, 0x09b50000)
  eden space 6592K, 100% used [0x04600000, 0x04c70000, 0x04c70000)
  from space 768K,   0% used [0x04c70000, 0x04c70000, 0x04d30000)
  to   space 768K,   0% used [0x04d30000, 0x04d30000, 0x04df0000)
 tenured generation   total 16236K, used 10913K [0x09b50000, 0x0ab2b000, 0x14600000)
   the space 16236K,  67% used [0x09b50000, 0x0a5f8690, 0x0a5f8800, 0x0ab2b000)
 compacting perm gen  total 16384K, used 16301K [0x14600000, 0x15600000, 0x18600000)
   the space 16384K,  99% used [0x14600000, 0x155eb748, 0x155eb800, 0x15600000)
No shared spaces configured.
Event: 3066.048 GC heap after
Heap after GC invocations=123046 (full 1):
 def new generation   total 7360K, used 0K [0x04600000, 0x04df0000, 0x09b50000)
  eden space 6592K,   0% used [0x04600000, 0x04600000, 0x04c70000)
  from space 768K,   0% used [0x04d30000, 0x04d30000, 0x04df0000)
  to   space 768K,   0% used [0x04c70000, 0x04c70000, 0x04d30000)
 tenured generation   total 16236K, used 10913K [0x09b50000, 0x0ab2b000, 0x14600000)
   the space 16236K,  67% used [0x09b50000, 0x0a5f8690, 0x0a5f8800, 0x0ab2b000)
 compacting perm gen  total 16384K, used 16301K [0x14600000, 0x15600000, 0x18600000)
   the space 16384K,  99% used [0x14600000, 0x155eb748, 0x155eb800, 0x15600000)
No shared spaces configured.
}
Event: 3066.072 GC heap before
{Heap before GC invocations=123046 (full 1):
 def new generation   total 7360K, used 6592K [0x04600000, 0x04df0000, 0x09b50000)
  eden space 6592K, 100% used [0x04600000, 0x04c70000, 0x04c70000)
  from space 768K,   0% used [0x04d30000, 0x04d30000, 0x04df0000)
  to   space 768K,   0% used [0x04c70000, 0x04c70000, 0x04d30000)
 tenured generation   total 16236K, used 10913K [0x09b50000, 0x0ab2b000, 0x14600000)
   the space 16236K,  67% used [0x09b50000, 0x0a5f8690, 0x0a5f8800, 0x0ab2b000)
 compacting perm gen  total 16384K, used 16301K [0x14600000, 0x15600000, 0x18600000)
   the space 16384K,  99% used [0x14600000, 0x155eb748, 0x155eb800, 0x15600000)
No shared spaces configured.
Event: 3066.072 GC heap after
Heap after GC invocations=123047 (full 1):
 def new generation   total 7360K, used 0K [0x04600000, 0x04df0000, 0x09b50000)
  eden space 6592K,   0% used [0x04600000, 0x04600000, 0x04c70000)
  from space 768K,   0% used [0x04c70000, 0x04c70000, 0x04d30000)
  to   space 768K,   0% used [0x04d30000, 0x04d30000, 0x04df0000)
 tenured generation   total 16236K, used 10913K [0x09b50000, 0x0ab2b000, 0x14600000)
   the space 16236K,  67% used [0x09b50000, 0x0a5f8690, 0x0a5f8800, 0x0ab2b000)
 compacting perm gen  total 16384K, used 16301K [0x14600000, 0x15600000, 0x18600000)
   the space 16384K,  99% used [0x14600000, 0x155eb748, 0x155eb800, 0x15600000)
No shared spaces configured.
}

Deoptimization events (0 events):
No events

Internal exceptions (10 events):
Event: 1.541 Thread 0x010dd800 Threw 0x04948488 at C:\jdk7u2_32P\jdk7u10\hotspot\src\share\vm\prims\jvm.cpp:1166
Event: 1.543 Thread 0x010dd800 Threw 0x04977490 at C:\jdk7u2_32P\jdk7u10\hotspot\src\share\vm\prims\jvm.cpp:1166
Event: 1.543 Thread 0x010dd800 Threw 0x0498b260 at C:\jdk7u2_32P\jdk7u10\hotspot\src\share\vm\prims\jvm.cpp:1166
Event: 1.544 Thread 0x010dd800 Threw 0x04996698 at C:\jdk7u2_32P\jdk7u10\hotspot\src\share\vm\prims\jvm.cpp:1166
Event: 1.545 Thread 0x010dd800 Threw 0x0499f8a8 at C:\jdk7u2_32P\jdk7u10\hotspot\src\share\vm\prims\jvm.cpp:1166
Event: 1.545 Thread 0x010dd800 Threw 0x049a5240 at C:\jdk7u2_32P\jdk7u10\hotspot\src\share\vm\prims\jvm.cpp:1166
Event: 1.545 Thread 0x010dd800 Threw 0x049aa038 at C:\jdk7u2_32P\jdk7u10\hotspot\src\share\vm\prims\jvm.cpp:1166
Event: 1.545 Thread 0x010dd800 Threw 0x049b1690 at C:\jdk7u2_32P\jdk7u10\hotspot\src\share\vm\prims\jvm.cpp:1166
Event: 1.548 Thread 0x010dd800 Threw 0x049c3e00 at C:\jdk7u2_32P\jdk7u10\hotspot\src\share\vm\prims\jvm.cpp:1166
Event: 1.548 Thread 0x010dd800 Threw 0x049c9428 at C:\jdk7u2_32P\jdk7u10\hotspot\src\share\vm\prims\jvm.cpp:1166

Events (10 events):
Event: 3065.976 Executing VM operation: GenCollectForAllocation
Event: 3065.976 Executing VM operation: GenCollectForAllocation done
Event: 3066.000 Executing VM operation: GenCollectForAllocation
Event: 3066.000 Executing VM operation: GenCollectForAllocation done
Event: 3066.024 Executing VM operation: GenCollectForAllocation
Event: 3066.025 Executing VM operation: GenCollectForAllocation done
Event: 3066.047 Executing VM operation: GenCollectForAllocation
Event: 3066.048 Executing VM operation: GenCollectForAllocation done
Event: 3066.072 Executing VM operation: GenCollectForAllocation
Event: 3066.072 Executing VM operation: GenCollectForAllocation done


Dynamic libraries:
0x011d0000 - 0x011ff000 	C:\Program Files (x86)\Java\jre7\bin\javaw.exe
0x77a80000 - 0x77c00000 	C:\windows\SysWOW64\ntdll.dll
0x75ed0000 - 0x75fe0000 	C:\windows\syswow64\kernel32.dll
0x75e80000 - 0x75ec6000 	C:\windows\syswow64\KERNELBASE.dll
0x761d0000 - 0x76270000 	C:\windows\syswow64\ADVAPI32.dll
0x766b0000 - 0x7675c000 	C:\windows\syswow64\msvcrt.dll
0x75a10000 - 0x75a29000 	C:\windows\SysWOW64\sechost.dll
0x76410000 - 0x76500000 	C:\windows\syswow64\RPCRT4.dll
0x755e0000 - 0x75640000 	C:\windows\syswow64\SspiCli.dll
0x755d0000 - 0x755dc000 	C:\windows\syswow64\CRYPTBASE.dll
0x75d40000 - 0x75e40000 	C:\windows\syswow64\USER32.dll
0x769a0000 - 0x76a30000 	C:\windows\syswow64\GDI32.dll
0x76070000 - 0x7607a000 	C:\windows\syswow64\LPK.dll
0x75b00000 - 0x75b9d000 	C:\windows\syswow64\USP10.dll
0x73340000 - 0x734de000 	C:\windows\WinSxS\x86_microsoft.windows.common-controls_6595b64144ccf1df_6.0.7601.17514_none_41e6975e2bd6f2b2\COMCTL32.dll
0x76650000 - 0x766a7000 	C:\windows\syswow64\SHLWAPI.dll
0x760f0000 - 0x76150000 	C:\windows\system32\IMM32.DLL
0x75a30000 - 0x75afc000 	C:\windows\syswow64\MSCTF.dll
0x78530000 - 0x785ed000 	C:\Program Files (x86)\Java\jre7\bin\msvcr100.dll
0x5ce40000 - 0x5d18c000 	C:\Program Files (x86)\Java\jre7\bin\client\jvm.dll
0x74e50000 - 0x74e57000 	C:\windows\system32\WSOCK32.dll
0x76760000 - 0x76795000 	C:\windows\syswow64\WS2_32.dll
0x75e40000 - 0x75e46000 	C:\windows\syswow64\NSI.dll
0x73c20000 - 0x73c52000 	C:\windows\system32\WINMM.dll
0x77a50000 - 0x77a55000 	C:\windows\syswow64\PSAPI.DLL
0x619e0000 - 0x619ec000 	C:\Program Files (x86)\Java\jre7\bin\verify.dll
0x61560000 - 0x61580000 	C:\Program Files (x86)\Java\jre7\bin\java.dll
0x64d90000 - 0x64dba000 	C:\Program Files (x86)\Java\jre7\bin\jdwp.dll
0x72700000 - 0x72707000 	C:\Program Files (x86)\Java\jre7\bin\npt.dll
0x61540000 - 0x61553000 	C:\Program Files (x86)\Java\jre7\bin\zip.dll
0x6fa50000 - 0x6fa58000 	C:\Program Files (x86)\Java\jre7\bin\dt_socket.dll
0x74e10000 - 0x74e20000 	C:\windows\system32\NLAapi.dll
0x74e00000 - 0x74e10000 	C:\windows\system32\napinsp.dll
0x74de0000 - 0x74df2000 	C:\windows\system32\pnrpnsp.dll
0x74d60000 - 0x74d9c000 	C:\windows\System32\mswsock.dll
0x74ce0000 - 0x74d24000 	C:\windows\system32\DNSAPI.dll
0x74c90000 - 0x74c98000 	C:\windows\System32\winrnr.dll
0x751c0000 - 0x751dc000 	C:\windows\system32\IPHLPAPI.DLL
0x751b0000 - 0x751b7000 	C:\windows\system32\WINNSI.DLL
0x730c0000 - 0x730f8000 	C:\windows\System32\fwpuclnt.dll
0x74c70000 - 0x74c76000 	C:\windows\system32\rasadhlp.dll
0x74c60000 - 0x74c65000 	C:\windows\System32\wshtcpip.dll
0x61520000 - 0x61534000 	C:\Program Files (x86)\Java\jre7\bin\net.dll
0x72f60000 - 0x72f66000 	C:\windows\System32\wship6.dll
0x6f9e0000 - 0x6f9ea000 	C:\Program Files (x86)\Java\jre7\bin\management.dll
0x619f0000 - 0x619ff000 	C:\Program Files (x86)\Java\jre7\bin\nio.dll
0x74700000 - 0x747eb000 	C:\windows\system32\dbghelp.dll

VM Arguments:
jvm_args: -agentlib:jdwp=transport=dt_socket,suspend=y,address=localhost:52632 -Dfile.encoding=GBK 
java_command: org.eclipse.jdt.internal.junit.runner.RemoteTestRunner -version 3 -port 52631 -testLoaderClass org.eclipse.jdt.internal.junit4.runner.JUnit4TestLoader -loaderpluginname org.eclipse.jdt.junit4.runtime -test com.zhjg.ssm.test.MenuTreeBuilderTest:test
Launcher Type: SUN_STANDARD

Environment Variables:
JAVA_HOME=D:\Java\jdk1.7.0_67
PATH=C:/Program Files (x86)/Java/jre7/bin/client;C:/Program Files (x86)/Java/jre7/bin;C:/Program Files (x86)/Java/jre7/lib/i386;E:\app\327084\product\11.2.0\client_2\bin;E:\app\327084\product\11.2.0\client_1;C:\Program Files (x86)\Common Files\NetSarang;C:\windows\system32;C:\windows;C:\windows\System32\Wbem;C:\windows\System32\WindowsPowerShell\v1.0\;C:\Program Files\TortoiseSVN\bin;C:\Program Files\nodejs\;d:\Program Files\Git\cmd;C:\Program Files (x86)\MySQL\MySQL Server 5.5\bin;D:\Java\MySQL\MySQL Server 5.5\bin;D:\Java\jdk1.7.0_67\bin;D:\Java\apache solr\solr-6.2.1\bin;C:\Users\327084\AppData\Roaming\npm;D:\Java\eclipse3.7.1;
USERNAME=327084
OS=Windows_NT
PROCESSOR_IDENTIFIER=Intel64 Family 6 Model 94 Stepping 3, GenuineIntel



---------------  S Y S T E M  ---------------

OS: Windows 7 , 64 bit Build 7601 Service Pack 1

CPU:total 4 (4 cores per cpu, 1 threads per core) family 6 model 94 stepping 3, cmov, cx8, fxsr, mmx, sse, sse2, sse3, ssse3, sse4.1, sse4.2, popcnt, avx, avx2, tsc, tscinvbit

Memory: 4k page, physical 4053792k(959028k free), swap 8105740k(4795972k free)

vm_info: Java HotSpot(TM) Client VM (23.6-b04) for windows-x86 JRE (1.7.0_10-b18), built on Nov 28 2012 08:34:29 by "java_re" with unknown MS VC++:1600

time: Tue Dec 27 12:19:46 2016
elapsed time: 3066 seconds

